<?xml version="1.0" encoding="UTF-8"?>
<!-- Generated by org.testng.reporters.JUnitXMLReporter -->
<testsuite ignored="0" hostname="DESKTOP-MO03QBL" failures="7" tests="18" name="Test" time="496.797" errors="0" timestamp="2023-10-30T11:14:07 IST">
  <testcase classname="testCases.TC_001_getfreedemo_page" name="getfreedemo_user_page" time="1.638"/>
  <testcase classname="testCases.TC_002_SignIn_page" name="page_SignIn" time="5.346"/>
  <testcase classname="testCases.TC_003_Login_Logout" name="page_Logoutbtn" time="5.178">
    <failure type="java.lang.AssertionError" message="Invalid &amp;apos;exp&amp;apos; value: valid">
      <![CDATA[java.lang.AssertionError: Invalid 'exp' value: valid
at testCases.TC_003_Login_Logout.page_Logoutbtn(TC_003_Login_Logout.java:45)
at java.base/java.util.ArrayList.forEach(ArrayList.java:1511)
... Removed 28 stack frames]]>
    </failure>
  </testcase> <!-- page_Logoutbtn -->
  <testcase classname="testCases.TC_003_Login_Logout" name="page_Logoutbtn" time="21.013">
    <failure type="java.lang.AssertionError" message="null">
      <![CDATA[java.lang.AssertionError: null
at testCases.TC_003_Login_Logout.page_Logoutbtn(TC_003_Login_Logout.java:61)
at java.base/java.util.ArrayList.forEach(ArrayList.java:1511)
... Removed 29 stack frames]]>
    </failure>
  </testcase> <!-- page_Logoutbtn -->
  <testcase classname="testCases.TC_003_Login_Logout" name="page_Logoutbtn" time="20.878">
    <failure type="java.lang.AssertionError" message="null">
      <![CDATA[java.lang.AssertionError: null
at testCases.TC_003_Login_Logout.page_Logoutbtn(TC_003_Login_Logout.java:61)
at java.base/java.util.ArrayList.forEach(ArrayList.java:1511)
... Removed 29 stack frames]]>
    </failure>
  </testcase> <!-- page_Logoutbtn -->
  <testcase classname="testCases.TC_003_Login_Logout" name="page_Logoutbtn" time="2.809">
    <failure type="java.lang.AssertionError" message="Invalid &amp;apos;exp&amp;apos; value: valid">
      <![CDATA[java.lang.AssertionError: Invalid 'exp' value: valid
at testCases.TC_003_Login_Logout.page_Logoutbtn(TC_003_Login_Logout.java:45)
at java.base/java.util.ArrayList.forEach(ArrayList.java:1511)
... Removed 28 stack frames]]>
    </failure>
  </testcase> <!-- page_Logoutbtn -->
  <testcase classname="testCases.TC_003_Login_Logout" name="page_Logoutbtn" time="20.947">
    <failure type="java.lang.AssertionError" message="null">
      <![CDATA[java.lang.AssertionError: null
at testCases.TC_003_Login_Logout.page_Logoutbtn(TC_003_Login_Logout.java:61)
at java.base/java.util.ArrayList.forEach(ArrayList.java:1511)
... Removed 29 stack frames]]>
    </failure>
  </testcase> <!-- page_Logoutbtn -->
  <testcase classname="testCases.TC_003_Login_Logout" name="page_Logoutbtn" time="20.77">
    <failure type="java.lang.AssertionError" message="null">
      <![CDATA[java.lang.AssertionError: null
at testCases.TC_003_Login_Logout.page_Logoutbtn(TC_003_Login_Logout.java:61)
at java.base/java.util.ArrayList.forEach(ArrayList.java:1511)
... Removed 29 stack frames]]>
    </failure>
  </testcase> <!-- page_Logoutbtn -->
  <testcase classname="testCases.TC_004_AddNewUser" name="addNewUser_Infoundry" time="16.35"/>
  <testcase classname="testCases.TC_005_AddNewOrder" name="addNewOrder_InFoundry" time="32.102">
    <failure type="java.lang.AssertionError" message="null">
      <![CDATA[java.lang.AssertionError: null
at testCases.TC_005_AddNewOrder.addNewOrder_InFoundry(TC_005_AddNewOrder.java:53)
at java.base/java.util.ArrayList.forEach(ArrayList.java:1511)
... Removed 29 stack frames]]>
    </failure>
  </testcase> <!-- addNewOrder_InFoundry -->
  <testcase classname="testCases.TC_006_AddNewProduct" name="addNewProduct_InFoundry" time="45.347"/>
  <testcase classname="testCases.TC_007_CreateNewCustomer" name="createCustomerIn_foundry" time="16.832"/>
  <testcase classname="testCases.TC_008_Customer_SlidePagination" name="slidePagination" time="16.53"/>
  <testcase classname="testCases.TC_009_AddNewCoupon" name="addCoupon_Foundry" time="37.696"/>
  <testcase classname="testCases.TC_010_AddcouponWithDiscountPer" name="addCouponWithDiscountPercent" time="36.593"/>
  <testcase classname="testCases.TC_011_AddCouponFreeShipping" name="addCouponWithFreeShipping" time="28.413"/>
  <testcase classname="testCases.TC_012_AddCouponBuyXGetY" name="addCouponWithBuyXGetY" time="37.836"/>
  <testcase classname="testCases.TC_013_AddNewCustomCollection" name="addNewCollection_InFoundry" time="46.117"/>
</testsuite> <!-- Test -->
