<?xml version="1.0" encoding="UTF-8"?>
<testng-results ignored="0" total="18" passed="11" failed="7" skipped="0">
  <reporter-output>
  </reporter-output>
  <suite started-at="2023-10-30T11:05:50 IST" name="Suite" finished-at="2023-10-30T11:14:06 IST" duration-ms="496797">
    <groups>
      <group name="Foundry_Main">
        <method signature="TC_001_getfreedemo_page.getfreedemo_user_page()[pri:1, instance:testCases.TC_001_getfreedemo_page@1b835480]" name="getfreedemo_user_page" class="testCases.TC_001_getfreedemo_page"/>
        <method signature="TC_002_SignIn_page.page_SignIn()[pri:2, instance:testCases.TC_002_SignIn_page@5a709816]" name="page_SignIn" class="testCases.TC_002_SignIn_page"/>
        <method signature="TC_003_Login_Logout.page_Logoutbtn(java.lang.String,java.lang.String,java.lang.String)[pri:3, instance:testCases.TC_003_Login_Logout@78383390]" name="page_Logoutbtn" class="testCases.TC_003_Login_Logout"/>
        <method signature="TC_004_AddNewUser.addNewUser_Infoundry()[pri:4, instance:testCases.TC_004_AddNewUser@6ad3381f]" name="addNewUser_Infoundry" class="testCases.TC_004_AddNewUser"/>
        <method signature="TC_005_AddNewOrder.addNewOrder_InFoundry()[pri:5, instance:testCases.TC_005_AddNewOrder@53dbe163]" name="addNewOrder_InFoundry" class="testCases.TC_005_AddNewOrder"/>
        <method signature="TC_006_AddNewProduct.addNewProduct_InFoundry()[pri:6, instance:testCases.TC_006_AddNewProduct@db57326]" name="addNewProduct_InFoundry" class="testCases.TC_006_AddNewProduct"/>
        <method signature="TC_007_CreateNewCustomer.createCustomerIn_foundry()[pri:7, instance:testCases.TC_007_CreateNewCustomer@34a875b3]" name="createCustomerIn_foundry" class="testCases.TC_007_CreateNewCustomer"/>
        <method signature="TC_008_Customer_SlidePagination.slidePagination()[pri:8, instance:testCases.TC_008_Customer_SlidePagination@4748a0f9]" name="slidePagination" class="testCases.TC_008_Customer_SlidePagination"/>
      </group> <!-- Foundry_Main -->
      <group name="Regression">
        <method signature="TC_001_getfreedemo_page.getfreedemo_user_page()[pri:1, instance:testCases.TC_001_getfreedemo_page@1b835480]" name="getfreedemo_user_page" class="testCases.TC_001_getfreedemo_page"/>
        <method signature="TC_002_SignIn_page.page_SignIn()[pri:2, instance:testCases.TC_002_SignIn_page@5a709816]" name="page_SignIn" class="testCases.TC_002_SignIn_page"/>
        <method signature="TC_003_Login_Logout.page_Logoutbtn(java.lang.String,java.lang.String,java.lang.String)[pri:3, instance:testCases.TC_003_Login_Logout@78383390]" name="page_Logoutbtn" class="testCases.TC_003_Login_Logout"/>
        <method signature="TC_004_AddNewUser.addNewUser_Infoundry()[pri:4, instance:testCases.TC_004_AddNewUser@6ad3381f]" name="addNewUser_Infoundry" class="testCases.TC_004_AddNewUser"/>
        <method signature="TC_005_AddNewOrder.addNewOrder_InFoundry()[pri:5, instance:testCases.TC_005_AddNewOrder@53dbe163]" name="addNewOrder_InFoundry" class="testCases.TC_005_AddNewOrder"/>
        <method signature="TC_006_AddNewProduct.addNewProduct_InFoundry()[pri:6, instance:testCases.TC_006_AddNewProduct@db57326]" name="addNewProduct_InFoundry" class="testCases.TC_006_AddNewProduct"/>
        <method signature="TC_007_CreateNewCustomer.createCustomerIn_foundry()[pri:7, instance:testCases.TC_007_CreateNewCustomer@34a875b3]" name="createCustomerIn_foundry" class="testCases.TC_007_CreateNewCustomer"/>
        <method signature="TC_008_Customer_SlidePagination.slidePagination()[pri:8, instance:testCases.TC_008_Customer_SlidePagination@4748a0f9]" name="slidePagination" class="testCases.TC_008_Customer_SlidePagination"/>
      </group> <!-- Regression -->
    </groups>
    <test started-at="2023-10-30T11:05:50 IST" name="Test" finished-at="2023-10-30T11:14:06 IST" duration-ms="496797">
      <class name="testCases.TC_003_Login_Logout">
        <test-method is-config="true" signature="setup(java.lang.String)[pri:0, instance:testCases.TC_003_Login_Logout@78383390]" started-at="2023-10-30T11:06:15 IST" name="setup" finished-at="2023-10-30T11:06:19 IST" duration-ms="3837" status="PASS">
          <params>
            <param index="0">
              <value>
                <![CDATA[chrome]]>
              </value>
            </param>
          </params>
          <reporter-output>
          </reporter-output>
        </test-method> <!-- setup -->
        <test-method signature="page_Logoutbtn(java.lang.String,java.lang.String,java.lang.String)[pri:3, instance:testCases.TC_003_Login_Logout@78383390]" started-at="2023-10-30T11:06:20 IST" name="page_Logoutbtn" data-provider="SignIn_Page" finished-at="2023-10-30T11:06:25 IST" duration-ms="5178" status="FAIL">
          <params>
            <param index="0">
              <value>
                <![CDATA[abhishek1@101reporters.com]]>
              </value>
            </param>
            <param index="1">
              <value>
                <![CDATA[9876543211]]>
              </value>
            </param>
            <param index="2">
              <value>
                <![CDATA[valid]]>
              </value>
            </param>
          </params>
          <exception class="java.lang.AssertionError">
            <message>
              <![CDATA[Invalid 'exp' value: valid]]>
            </message>
            <full-stacktrace>
              <![CDATA[java.lang.AssertionError: Invalid 'exp' value: valid
at org.testng.Assert.fail(Assert.java:111)
at testCases.TC_003_Login_Logout.page_Logoutbtn(TC_003_Login_Logout.java:45)
at java.base/jdk.internal.reflect.NativeMethodAccessorImpl.invoke0(Native Method)
at java.base/jdk.internal.reflect.NativeMethodAccessorImpl.invoke(NativeMethodAccessorImpl.java:77)
at java.base/jdk.internal.reflect.DelegatingMethodAccessorImpl.invoke(DelegatingMethodAccessorImpl.java:43)
at java.base/java.lang.reflect.Method.invoke(Method.java:568)
at org.testng.internal.invokers.MethodInvocationHelper.invokeMethod(MethodInvocationHelper.java:139)
at org.testng.internal.invokers.TestInvoker.invokeMethod(TestInvoker.java:664)
at org.testng.internal.invokers.TestInvoker.invokeTestMethod(TestInvoker.java:227)
at org.testng.internal.invokers.MethodRunner.runInSequence(MethodRunner.java:50)
at org.testng.internal.invokers.TestInvoker$MethodInvocationAgent.invoke(TestInvoker.java:957)
at org.testng.internal.invokers.TestInvoker.invokeTestMethods(TestInvoker.java:200)
at org.testng.internal.invokers.TestMethodWorker.invokeTestMethods(TestMethodWorker.java:148)
at org.testng.internal.invokers.TestMethodWorker.run(TestMethodWorker.java:128)
at java.base/java.util.ArrayList.forEach(ArrayList.java:1511)
at org.testng.TestRunner.privateRun(TestRunner.java:848)
at org.testng.TestRunner.run(TestRunner.java:621)
at org.testng.SuiteRunner.runTest(SuiteRunner.java:443)
at org.testng.SuiteRunner.runSequentially(SuiteRunner.java:437)
at org.testng.SuiteRunner.privateRun(SuiteRunner.java:397)
at org.testng.SuiteRunner.run(SuiteRunner.java:336)
at org.testng.SuiteRunnerWorker.runSuite(SuiteRunnerWorker.java:52)
at org.testng.SuiteRunnerWorker.run(SuiteRunnerWorker.java:95)
at org.testng.TestNG.runSuitesSequentially(TestNG.java:1280)
at org.testng.TestNG.runSuitesLocally(TestNG.java:1200)
at org.testng.TestNG.runSuites(TestNG.java:1114)
at org.testng.TestNG.run(TestNG.java:1082)
at org.testng.remote.AbstractRemoteTestNG.run(AbstractRemoteTestNG.java:115)
at org.testng.remote.RemoteTestNG.initAndRun(RemoteTestNG.java:251)
at org.testng.remote.RemoteTestNG.main(RemoteTestNG.java:77)
]]>
            </full-stacktrace>
          </exception> <!-- java.lang.AssertionError -->
          <reporter-output>
          </reporter-output>
        </test-method> <!-- page_Logoutbtn -->
        <test-method signature="page_Logoutbtn(java.lang.String,java.lang.String,java.lang.String)[pri:3, instance:testCases.TC_003_Login_Logout@78383390]" started-at="2023-10-30T11:06:27 IST" name="page_Logoutbtn" data-provider="SignIn_Page" finished-at="2023-10-30T11:06:48 IST" duration-ms="21013" status="FAIL">
          <params>
            <param index="0">
              <value>
                <![CDATA[abhishekbhndr114@gmail.com]]>
              </value>
            </param>
            <param index="1">
              <value>
                <![CDATA[Abhi@2022]]>
              </value>
            </param>
            <param index="2">
              <value>
                <![CDATA[Invalid]]>
              </value>
            </param>
          </params>
          <exception class="java.lang.AssertionError">
            <message>
              <![CDATA[null]]>
            </message>
            <full-stacktrace>
              <![CDATA[java.lang.AssertionError: null
at org.testng.Assert.fail(Assert.java:111)
at org.testng.Assert.fail(Assert.java:116)
at testCases.TC_003_Login_Logout.page_Logoutbtn(TC_003_Login_Logout.java:61)
at java.base/jdk.internal.reflect.NativeMethodAccessorImpl.invoke0(Native Method)
at java.base/jdk.internal.reflect.NativeMethodAccessorImpl.invoke(NativeMethodAccessorImpl.java:77)
at java.base/jdk.internal.reflect.DelegatingMethodAccessorImpl.invoke(DelegatingMethodAccessorImpl.java:43)
at java.base/java.lang.reflect.Method.invoke(Method.java:568)
at org.testng.internal.invokers.MethodInvocationHelper.invokeMethod(MethodInvocationHelper.java:139)
at org.testng.internal.invokers.TestInvoker.invokeMethod(TestInvoker.java:664)
at org.testng.internal.invokers.TestInvoker.invokeTestMethod(TestInvoker.java:227)
at org.testng.internal.invokers.MethodRunner.runInSequence(MethodRunner.java:50)
at org.testng.internal.invokers.TestInvoker$MethodInvocationAgent.invoke(TestInvoker.java:957)
at org.testng.internal.invokers.TestInvoker.invokeTestMethods(TestInvoker.java:200)
at org.testng.internal.invokers.TestMethodWorker.invokeTestMethods(TestMethodWorker.java:148)
at org.testng.internal.invokers.TestMethodWorker.run(TestMethodWorker.java:128)
at java.base/java.util.ArrayList.forEach(ArrayList.java:1511)
at org.testng.TestRunner.privateRun(TestRunner.java:848)
at org.testng.TestRunner.run(TestRunner.java:621)
at org.testng.SuiteRunner.runTest(SuiteRunner.java:443)
at org.testng.SuiteRunner.runSequentially(SuiteRunner.java:437)
at org.testng.SuiteRunner.privateRun(SuiteRunner.java:397)
at org.testng.SuiteRunner.run(SuiteRunner.java:336)
at org.testng.SuiteRunnerWorker.runSuite(SuiteRunnerWorker.java:52)
at org.testng.SuiteRunnerWorker.run(SuiteRunnerWorker.java:95)
at org.testng.TestNG.runSuitesSequentially(TestNG.java:1280)
at org.testng.TestNG.runSuitesLocally(TestNG.java:1200)
at org.testng.TestNG.runSuites(TestNG.java:1114)
at org.testng.TestNG.run(TestNG.java:1082)
at org.testng.remote.AbstractRemoteTestNG.run(AbstractRemoteTestNG.java:115)
at org.testng.remote.RemoteTestNG.initAndRun(RemoteTestNG.java:251)
at org.testng.remote.RemoteTestNG.main(RemoteTestNG.java:77)
]]>
            </full-stacktrace>
          </exception> <!-- java.lang.AssertionError -->
          <reporter-output>
          </reporter-output>
        </test-method> <!-- page_Logoutbtn -->
        <test-method signature="page_Logoutbtn(java.lang.String,java.lang.String,java.lang.String)[pri:3, instance:testCases.TC_003_Login_Logout@78383390]" started-at="2023-10-30T11:06:49 IST" name="page_Logoutbtn" data-provider="SignIn_Page" finished-at="2023-10-30T11:07:09 IST" duration-ms="20878" status="FAIL">
          <params>
            <param index="0">
              <value>
                <![CDATA[abhisoftware63@gmail.com]]>
              </value>
            </param>
            <param index="1">
              <value>
                <![CDATA[1234567890]]>
              </value>
            </param>
            <param index="2">
              <value>
                <![CDATA[Invalid]]>
              </value>
            </param>
          </params>
          <exception class="java.lang.AssertionError">
            <message>
              <![CDATA[null]]>
            </message>
            <full-stacktrace>
              <![CDATA[java.lang.AssertionError: null
at org.testng.Assert.fail(Assert.java:111)
at org.testng.Assert.fail(Assert.java:116)
at testCases.TC_003_Login_Logout.page_Logoutbtn(TC_003_Login_Logout.java:61)
at java.base/jdk.internal.reflect.NativeMethodAccessorImpl.invoke0(Native Method)
at java.base/jdk.internal.reflect.NativeMethodAccessorImpl.invoke(NativeMethodAccessorImpl.java:77)
at java.base/jdk.internal.reflect.DelegatingMethodAccessorImpl.invoke(DelegatingMethodAccessorImpl.java:43)
at java.base/java.lang.reflect.Method.invoke(Method.java:568)
at org.testng.internal.invokers.MethodInvocationHelper.invokeMethod(MethodInvocationHelper.java:139)
at org.testng.internal.invokers.TestInvoker.invokeMethod(TestInvoker.java:664)
at org.testng.internal.invokers.TestInvoker.invokeTestMethod(TestInvoker.java:227)
at org.testng.internal.invokers.MethodRunner.runInSequence(MethodRunner.java:50)
at org.testng.internal.invokers.TestInvoker$MethodInvocationAgent.invoke(TestInvoker.java:957)
at org.testng.internal.invokers.TestInvoker.invokeTestMethods(TestInvoker.java:200)
at org.testng.internal.invokers.TestMethodWorker.invokeTestMethods(TestMethodWorker.java:148)
at org.testng.internal.invokers.TestMethodWorker.run(TestMethodWorker.java:128)
at java.base/java.util.ArrayList.forEach(ArrayList.java:1511)
at org.testng.TestRunner.privateRun(TestRunner.java:848)
at org.testng.TestRunner.run(TestRunner.java:621)
at org.testng.SuiteRunner.runTest(SuiteRunner.java:443)
at org.testng.SuiteRunner.runSequentially(SuiteRunner.java:437)
at org.testng.SuiteRunner.privateRun(SuiteRunner.java:397)
at org.testng.SuiteRunner.run(SuiteRunner.java:336)
at org.testng.SuiteRunnerWorker.runSuite(SuiteRunnerWorker.java:52)
at org.testng.SuiteRunnerWorker.run(SuiteRunnerWorker.java:95)
at org.testng.TestNG.runSuitesSequentially(TestNG.java:1280)
at org.testng.TestNG.runSuitesLocally(TestNG.java:1200)
at org.testng.TestNG.runSuites(TestNG.java:1114)
at org.testng.TestNG.run(TestNG.java:1082)
at org.testng.remote.AbstractRemoteTestNG.run(AbstractRemoteTestNG.java:115)
at org.testng.remote.RemoteTestNG.initAndRun(RemoteTestNG.java:251)
at org.testng.remote.RemoteTestNG.main(RemoteTestNG.java:77)
]]>
            </full-stacktrace>
          </exception> <!-- java.lang.AssertionError -->
          <reporter-output>
          </reporter-output>
        </test-method> <!-- page_Logoutbtn -->
        <test-method signature="page_Logoutbtn(java.lang.String,java.lang.String,java.lang.String)[pri:3, instance:testCases.TC_003_Login_Logout@78383390]" started-at="2023-10-30T11:07:10 IST" name="page_Logoutbtn" data-provider="SignIn_Page" finished-at="2023-10-30T11:07:13 IST" duration-ms="2809" status="FAIL">
          <params>
            <param index="0">
              <value>
                <![CDATA[aamir@101reporters.com]]>
              </value>
            </param>
            <param index="1">
              <value>
                <![CDATA[reporters]]>
              </value>
            </param>
            <param index="2">
              <value>
                <![CDATA[valid]]>
              </value>
            </param>
          </params>
          <exception class="java.lang.AssertionError">
            <message>
              <![CDATA[Invalid 'exp' value: valid]]>
            </message>
            <full-stacktrace>
              <![CDATA[java.lang.AssertionError: Invalid 'exp' value: valid
at org.testng.Assert.fail(Assert.java:111)
at testCases.TC_003_Login_Logout.page_Logoutbtn(TC_003_Login_Logout.java:45)
at java.base/jdk.internal.reflect.NativeMethodAccessorImpl.invoke0(Native Method)
at java.base/jdk.internal.reflect.NativeMethodAccessorImpl.invoke(NativeMethodAccessorImpl.java:77)
at java.base/jdk.internal.reflect.DelegatingMethodAccessorImpl.invoke(DelegatingMethodAccessorImpl.java:43)
at java.base/java.lang.reflect.Method.invoke(Method.java:568)
at org.testng.internal.invokers.MethodInvocationHelper.invokeMethod(MethodInvocationHelper.java:139)
at org.testng.internal.invokers.TestInvoker.invokeMethod(TestInvoker.java:664)
at org.testng.internal.invokers.TestInvoker.invokeTestMethod(TestInvoker.java:227)
at org.testng.internal.invokers.MethodRunner.runInSequence(MethodRunner.java:50)
at org.testng.internal.invokers.TestInvoker$MethodInvocationAgent.invoke(TestInvoker.java:957)
at org.testng.internal.invokers.TestInvoker.invokeTestMethods(TestInvoker.java:200)
at org.testng.internal.invokers.TestMethodWorker.invokeTestMethods(TestMethodWorker.java:148)
at org.testng.internal.invokers.TestMethodWorker.run(TestMethodWorker.java:128)
at java.base/java.util.ArrayList.forEach(ArrayList.java:1511)
at org.testng.TestRunner.privateRun(TestRunner.java:848)
at org.testng.TestRunner.run(TestRunner.java:621)
at org.testng.SuiteRunner.runTest(SuiteRunner.java:443)
at org.testng.SuiteRunner.runSequentially(SuiteRunner.java:437)
at org.testng.SuiteRunner.privateRun(SuiteRunner.java:397)
at org.testng.SuiteRunner.run(SuiteRunner.java:336)
at org.testng.SuiteRunnerWorker.runSuite(SuiteRunnerWorker.java:52)
at org.testng.SuiteRunnerWorker.run(SuiteRunnerWorker.java:95)
at org.testng.TestNG.runSuitesSequentially(TestNG.java:1280)
at org.testng.TestNG.runSuitesLocally(TestNG.java:1200)
at org.testng.TestNG.runSuites(TestNG.java:1114)
at org.testng.TestNG.run(TestNG.java:1082)
at org.testng.remote.AbstractRemoteTestNG.run(AbstractRemoteTestNG.java:115)
at org.testng.remote.RemoteTestNG.initAndRun(RemoteTestNG.java:251)
at org.testng.remote.RemoteTestNG.main(RemoteTestNG.java:77)
]]>
            </full-stacktrace>
          </exception> <!-- java.lang.AssertionError -->
          <reporter-output>
          </reporter-output>
        </test-method> <!-- page_Logoutbtn -->
        <test-method signature="page_Logoutbtn(java.lang.String,java.lang.String,java.lang.String)[pri:3, instance:testCases.TC_003_Login_Logout@78383390]" started-at="2023-10-30T11:07:14 IST" name="page_Logoutbtn" data-provider="SignIn_Page" finished-at="2023-10-30T11:07:35 IST" duration-ms="20947" status="FAIL">
          <params>
            <param index="0">
              <value>
                <![CDATA[abc@gmail.com]]>
              </value>
            </param>
            <param index="1">
              <value>
                <![CDATA[]]>
              </value>
            </param>
            <param index="2">
              <value>
                <![CDATA[Invalid]]>
              </value>
            </param>
          </params>
          <exception class="java.lang.AssertionError">
            <message>
              <![CDATA[null]]>
            </message>
            <full-stacktrace>
              <![CDATA[java.lang.AssertionError: null
at org.testng.Assert.fail(Assert.java:111)
at org.testng.Assert.fail(Assert.java:116)
at testCases.TC_003_Login_Logout.page_Logoutbtn(TC_003_Login_Logout.java:61)
at java.base/jdk.internal.reflect.NativeMethodAccessorImpl.invoke0(Native Method)
at java.base/jdk.internal.reflect.NativeMethodAccessorImpl.invoke(NativeMethodAccessorImpl.java:77)
at java.base/jdk.internal.reflect.DelegatingMethodAccessorImpl.invoke(DelegatingMethodAccessorImpl.java:43)
at java.base/java.lang.reflect.Method.invoke(Method.java:568)
at org.testng.internal.invokers.MethodInvocationHelper.invokeMethod(MethodInvocationHelper.java:139)
at org.testng.internal.invokers.TestInvoker.invokeMethod(TestInvoker.java:664)
at org.testng.internal.invokers.TestInvoker.invokeTestMethod(TestInvoker.java:227)
at org.testng.internal.invokers.MethodRunner.runInSequence(MethodRunner.java:50)
at org.testng.internal.invokers.TestInvoker$MethodInvocationAgent.invoke(TestInvoker.java:957)
at org.testng.internal.invokers.TestInvoker.invokeTestMethods(TestInvoker.java:200)
at org.testng.internal.invokers.TestMethodWorker.invokeTestMethods(TestMethodWorker.java:148)
at org.testng.internal.invokers.TestMethodWorker.run(TestMethodWorker.java:128)
at java.base/java.util.ArrayList.forEach(ArrayList.java:1511)
at org.testng.TestRunner.privateRun(TestRunner.java:848)
at org.testng.TestRunner.run(TestRunner.java:621)
at org.testng.SuiteRunner.runTest(SuiteRunner.java:443)
at org.testng.SuiteRunner.runSequentially(SuiteRunner.java:437)
at org.testng.SuiteRunner.privateRun(SuiteRunner.java:397)
at org.testng.SuiteRunner.run(SuiteRunner.java:336)
at org.testng.SuiteRunnerWorker.runSuite(SuiteRunnerWorker.java:52)
at org.testng.SuiteRunnerWorker.run(SuiteRunnerWorker.java:95)
at org.testng.TestNG.runSuitesSequentially(TestNG.java:1280)
at org.testng.TestNG.runSuitesLocally(TestNG.java:1200)
at org.testng.TestNG.runSuites(TestNG.java:1114)
at org.testng.TestNG.run(TestNG.java:1082)
at org.testng.remote.AbstractRemoteTestNG.run(AbstractRemoteTestNG.java:115)
at org.testng.remote.RemoteTestNG.initAndRun(RemoteTestNG.java:251)
at org.testng.remote.RemoteTestNG.main(RemoteTestNG.java:77)
]]>
            </full-stacktrace>
          </exception> <!-- java.lang.AssertionError -->
          <reporter-output>
          </reporter-output>
        </test-method> <!-- page_Logoutbtn -->
        <test-method signature="page_Logoutbtn(java.lang.String,java.lang.String,java.lang.String)[pri:3, instance:testCases.TC_003_Login_Logout@78383390]" started-at="2023-10-30T11:07:35 IST" name="page_Logoutbtn" data-provider="SignIn_Page" finished-at="2023-10-30T11:07:56 IST" duration-ms="20770" status="FAIL">
          <params>
            <param index="0">
              <value>
                <![CDATA[]]>
              </value>
            </param>
            <param index="1">
              <value>
                <![CDATA[]]>
              </value>
            </param>
            <param index="2">
              <value>
                <![CDATA[]]>
              </value>
            </param>
          </params>
          <exception class="java.lang.AssertionError">
            <message>
              <![CDATA[null]]>
            </message>
            <full-stacktrace>
              <![CDATA[java.lang.AssertionError: null
at org.testng.Assert.fail(Assert.java:111)
at org.testng.Assert.fail(Assert.java:116)
at testCases.TC_003_Login_Logout.page_Logoutbtn(TC_003_Login_Logout.java:61)
at java.base/jdk.internal.reflect.NativeMethodAccessorImpl.invoke0(Native Method)
at java.base/jdk.internal.reflect.NativeMethodAccessorImpl.invoke(NativeMethodAccessorImpl.java:77)
at java.base/jdk.internal.reflect.DelegatingMethodAccessorImpl.invoke(DelegatingMethodAccessorImpl.java:43)
at java.base/java.lang.reflect.Method.invoke(Method.java:568)
at org.testng.internal.invokers.MethodInvocationHelper.invokeMethod(MethodInvocationHelper.java:139)
at org.testng.internal.invokers.TestInvoker.invokeMethod(TestInvoker.java:664)
at org.testng.internal.invokers.TestInvoker.invokeTestMethod(TestInvoker.java:227)
at org.testng.internal.invokers.MethodRunner.runInSequence(MethodRunner.java:50)
at org.testng.internal.invokers.TestInvoker$MethodInvocationAgent.invoke(TestInvoker.java:957)
at org.testng.internal.invokers.TestInvoker.invokeTestMethods(TestInvoker.java:200)
at org.testng.internal.invokers.TestMethodWorker.invokeTestMethods(TestMethodWorker.java:148)
at org.testng.internal.invokers.TestMethodWorker.run(TestMethodWorker.java:128)
at java.base/java.util.ArrayList.forEach(ArrayList.java:1511)
at org.testng.TestRunner.privateRun(TestRunner.java:848)
at org.testng.TestRunner.run(TestRunner.java:621)
at org.testng.SuiteRunner.runTest(SuiteRunner.java:443)
at org.testng.SuiteRunner.runSequentially(SuiteRunner.java:437)
at org.testng.SuiteRunner.privateRun(SuiteRunner.java:397)
at org.testng.SuiteRunner.run(SuiteRunner.java:336)
at org.testng.SuiteRunnerWorker.runSuite(SuiteRunnerWorker.java:52)
at org.testng.SuiteRunnerWorker.run(SuiteRunnerWorker.java:95)
at org.testng.TestNG.runSuitesSequentially(TestNG.java:1280)
at org.testng.TestNG.runSuitesLocally(TestNG.java:1200)
at org.testng.TestNG.runSuites(TestNG.java:1114)
at org.testng.TestNG.run(TestNG.java:1082)
at org.testng.remote.AbstractRemoteTestNG.run(AbstractRemoteTestNG.java:115)
at org.testng.remote.RemoteTestNG.initAndRun(RemoteTestNG.java:251)
at org.testng.remote.RemoteTestNG.main(RemoteTestNG.java:77)
]]>
            </full-stacktrace>
          </exception> <!-- java.lang.AssertionError -->
          <reporter-output>
          </reporter-output>
        </test-method> <!-- page_Logoutbtn -->
        <test-method is-config="true" signature="tearDown()[pri:0, instance:testCases.TC_003_Login_Logout@78383390]" started-at="2023-10-30T11:07:57 IST" name="tearDown" finished-at="2023-10-30T11:07:57 IST" duration-ms="275" status="PASS">
          <reporter-output>
          </reporter-output>
        </test-method> <!-- tearDown -->
      </class> <!-- testCases.TC_003_Login_Logout -->
      <class name="testCases.TC_006_AddNewProduct">
        <test-method is-config="true" signature="setup(java.lang.String)[pri:0, instance:testCases.TC_006_AddNewProduct@db57326]" started-at="2023-10-30T11:08:58 IST" name="setup" finished-at="2023-10-30T11:09:03 IST" duration-ms="5421" status="PASS">
          <params>
            <param index="0">
              <value>
                <![CDATA[chrome]]>
              </value>
            </param>
          </params>
          <reporter-output>
          </reporter-output>
        </test-method> <!-- setup -->
        <test-method signature="addNewProduct_InFoundry()[pri:6, instance:testCases.TC_006_AddNewProduct@db57326]" started-at="2023-10-30T11:09:03 IST" name="addNewProduct_InFoundry" finished-at="2023-10-30T11:09:49 IST" duration-ms="45347" status="PASS">
          <reporter-output>
          </reporter-output>
        </test-method> <!-- addNewProduct_InFoundry -->
        <test-method is-config="true" signature="tearDown()[pri:0, instance:testCases.TC_006_AddNewProduct@db57326]" started-at="2023-10-30T11:09:49 IST" name="tearDown" finished-at="2023-10-30T11:09:49 IST" duration-ms="304" status="PASS">
          <reporter-output>
          </reporter-output>
        </test-method> <!-- tearDown -->
      </class> <!-- testCases.TC_006_AddNewProduct -->
      <class name="testCases.TC_009_AddNewCoupon">
        <test-method is-config="true" signature="setup(java.lang.String)[pri:0, instance:testCases.TC_009_AddNewCoupon@4b14918a]" started-at="2023-10-30T11:10:32 IST" name="setup" finished-at="2023-10-30T11:10:37 IST" duration-ms="4728" status="PASS">
          <params>
            <param index="0">
              <value>
                <![CDATA[chrome]]>
              </value>
            </param>
          </params>
          <reporter-output>
          </reporter-output>
        </test-method> <!-- setup -->
        <test-method signature="addCoupon_Foundry()[pri:9, instance:testCases.TC_009_AddNewCoupon@4b14918a]" started-at="2023-10-30T11:10:37 IST" name="addCoupon_Foundry" finished-at="2023-10-30T11:11:15 IST" duration-ms="37696" status="PASS">
          <reporter-output>
          </reporter-output>
        </test-method> <!-- addCoupon_Foundry -->
        <test-method is-config="true" signature="tearDown()[pri:0, instance:testCases.TC_009_AddNewCoupon@4b14918a]" started-at="2023-10-30T11:11:15 IST" name="tearDown" finished-at="2023-10-30T11:11:15 IST" duration-ms="307" status="PASS">
          <reporter-output>
          </reporter-output>
        </test-method> <!-- tearDown -->
      </class> <!-- testCases.TC_009_AddNewCoupon -->
      <class name="testCases.TC_011_AddCouponFreeShipping">
        <test-method is-config="true" signature="setup(java.lang.String)[pri:0, instance:testCases.TC_011_AddCouponFreeShipping@1a6c1270]" started-at="2023-10-30T11:11:57 IST" name="setup" finished-at="2023-10-30T11:12:03 IST" duration-ms="5604" status="PASS">
          <params>
            <param index="0">
              <value>
                <![CDATA[chrome]]>
              </value>
            </param>
          </params>
          <reporter-output>
          </reporter-output>
        </test-method> <!-- setup -->
        <test-method signature="addCouponWithFreeShipping()[pri:11, instance:testCases.TC_011_AddCouponFreeShipping@1a6c1270]" started-at="2023-10-30T11:12:03 IST" name="addCouponWithFreeShipping" finished-at="2023-10-30T11:12:31 IST" duration-ms="28413" status="PASS">
          <reporter-output>
          </reporter-output>
        </test-method> <!-- addCouponWithFreeShipping -->
        <test-method is-config="true" signature="tearDown()[pri:0, instance:testCases.TC_011_AddCouponFreeShipping@1a6c1270]" started-at="2023-10-30T11:12:31 IST" name="tearDown" finished-at="2023-10-30T11:12:32 IST" duration-ms="253" status="PASS">
          <reporter-output>
          </reporter-output>
        </test-method> <!-- tearDown -->
      </class> <!-- testCases.TC_011_AddCouponFreeShipping -->
      <class name="testCases.TC_010_AddcouponWithDiscountPer">
        <test-method is-config="true" signature="setup(java.lang.String)[pri:0, instance:testCases.TC_010_AddcouponWithDiscountPer@6d1ef78d]" started-at="2023-10-30T11:11:15 IST" name="setup" finished-at="2023-10-30T11:11:21 IST" duration-ms="5267" status="PASS">
          <params>
            <param index="0">
              <value>
                <![CDATA[chrome]]>
              </value>
            </param>
          </params>
          <reporter-output>
          </reporter-output>
        </test-method> <!-- setup -->
        <test-method signature="addCouponWithDiscountPercent()[pri:10, instance:testCases.TC_010_AddcouponWithDiscountPer@6d1ef78d]" started-at="2023-10-30T11:11:21 IST" name="addCouponWithDiscountPercent" finished-at="2023-10-30T11:11:57 IST" duration-ms="36593" status="PASS">
          <reporter-output>
          </reporter-output>
        </test-method> <!-- addCouponWithDiscountPercent -->
        <test-method is-config="true" signature="tearDown()[pri:0, instance:testCases.TC_010_AddcouponWithDiscountPer@6d1ef78d]" started-at="2023-10-30T11:11:57 IST" name="tearDown" finished-at="2023-10-30T11:11:57 IST" duration-ms="311" status="PASS">
          <reporter-output>
          </reporter-output>
        </test-method> <!-- tearDown -->
      </class> <!-- testCases.TC_010_AddcouponWithDiscountPer -->
      <class name="testCases.TC_008_Customer_SlidePagination">
        <test-method is-config="true" signature="setup(java.lang.String)[pri:0, instance:testCases.TC_008_Customer_SlidePagination@4748a0f9]" started-at="2023-10-30T11:10:11 IST" name="setup" finished-at="2023-10-30T11:10:16 IST" duration-ms="4678" status="PASS">
          <params>
            <param index="0">
              <value>
                <![CDATA[chrome]]>
              </value>
            </param>
          </params>
          <reporter-output>
          </reporter-output>
        </test-method> <!-- setup -->
        <test-method signature="slidePagination()[pri:8, instance:testCases.TC_008_Customer_SlidePagination@4748a0f9]" started-at="2023-10-30T11:10:16 IST" name="slidePagination" finished-at="2023-10-30T11:10:32 IST" duration-ms="16530" status="PASS">
          <reporter-output>
          </reporter-output>
        </test-method> <!-- slidePagination -->
        <test-method is-config="true" signature="tearDown()[pri:0, instance:testCases.TC_008_Customer_SlidePagination@4748a0f9]" started-at="2023-10-30T11:10:32 IST" name="tearDown" finished-at="2023-10-30T11:10:32 IST" duration-ms="252" status="PASS">
          <reporter-output>
          </reporter-output>
        </test-method> <!-- tearDown -->
      </class> <!-- testCases.TC_008_Customer_SlidePagination -->
      <class name="testCases.TC_001_getfreedemo_page">
        <test-method is-config="true" signature="setup(java.lang.String)[pri:0, instance:testCases.TC_001_getfreedemo_page@1b835480]" started-at="2023-10-30T11:05:50 IST" name="setup" finished-at="2023-10-30T11:06:01 IST" duration-ms="10708" status="PASS">
          <params>
            <param index="0">
              <value>
                <![CDATA[chrome]]>
              </value>
            </param>
          </params>
          <reporter-output>
          </reporter-output>
        </test-method> <!-- setup -->
        <test-method signature="getfreedemo_user_page()[pri:1, instance:testCases.TC_001_getfreedemo_page@1b835480]" started-at="2023-10-30T11:06:01 IST" name="getfreedemo_user_page" finished-at="2023-10-30T11:06:02 IST" duration-ms="1638" status="PASS">
          <reporter-output>
          </reporter-output>
        </test-method> <!-- getfreedemo_user_page -->
        <test-method is-config="true" signature="tearDown()[pri:0, instance:testCases.TC_001_getfreedemo_page@1b835480]" started-at="2023-10-30T11:06:02 IST" name="tearDown" finished-at="2023-10-30T11:06:03 IST" duration-ms="356" status="PASS">
          <reporter-output>
          </reporter-output>
        </test-method> <!-- tearDown -->
      </class> <!-- testCases.TC_001_getfreedemo_page -->
      <class name="testCases.TC_007_CreateNewCustomer">
        <test-method is-config="true" signature="setup(java.lang.String)[pri:0, instance:testCases.TC_007_CreateNewCustomer@34a875b3]" started-at="2023-10-30T11:09:49 IST" name="setup" finished-at="2023-10-30T11:09:53 IST" duration-ms="3886" status="PASS">
          <params>
            <param index="0">
              <value>
                <![CDATA[chrome]]>
              </value>
            </param>
          </params>
          <reporter-output>
          </reporter-output>
        </test-method> <!-- setup -->
        <test-method signature="createCustomerIn_foundry()[pri:7, instance:testCases.TC_007_CreateNewCustomer@34a875b3]" started-at="2023-10-30T11:09:53 IST" name="createCustomerIn_foundry" finished-at="2023-10-30T11:10:10 IST" duration-ms="16832" status="PASS">
          <reporter-output>
          </reporter-output>
        </test-method> <!-- createCustomerIn_foundry -->
        <test-method is-config="true" signature="tearDown()[pri:0, instance:testCases.TC_007_CreateNewCustomer@34a875b3]" started-at="2023-10-30T11:10:10 IST" name="tearDown" finished-at="2023-10-30T11:10:11 IST" duration-ms="1181" status="PASS">
          <reporter-output>
          </reporter-output>
        </test-method> <!-- tearDown -->
      </class> <!-- testCases.TC_007_CreateNewCustomer -->
      <class name="testCases.TC_013_AddNewCustomCollection">
        <test-method is-config="true" signature="setup(java.lang.String)[pri:0, instance:testCases.TC_013_AddNewCustomCollection@77d67cf3]" started-at="2023-10-30T11:13:15 IST" name="setup" finished-at="2023-10-30T11:13:20 IST" duration-ms="4602" status="PASS">
          <params>
            <param index="0">
              <value>
                <![CDATA[chrome]]>
              </value>
            </param>
          </params>
          <reporter-output>
          </reporter-output>
        </test-method> <!-- setup -->
        <test-method signature="addNewCollection_InFoundry()[pri:13, instance:testCases.TC_013_AddNewCustomCollection@77d67cf3]" started-at="2023-10-30T11:13:20 IST" name="addNewCollection_InFoundry" finished-at="2023-10-30T11:14:06 IST" duration-ms="46117" status="PASS">
          <reporter-output>
          </reporter-output>
        </test-method> <!-- addNewCollection_InFoundry -->
        <test-method is-config="true" signature="tearDown()[pri:0, instance:testCases.TC_013_AddNewCustomCollection@77d67cf3]" started-at="2023-10-30T11:14:06 IST" name="tearDown" finished-at="2023-10-30T11:14:06 IST" duration-ms="319" status="PASS">
          <reporter-output>
          </reporter-output>
        </test-method> <!-- tearDown -->
      </class> <!-- testCases.TC_013_AddNewCustomCollection -->
      <class name="testCases.TC_005_AddNewOrder">
        <test-method is-config="true" signature="setup(java.lang.String)[pri:0, instance:testCases.TC_005_AddNewOrder@53dbe163]" started-at="2023-10-30T11:08:19 IST" name="setup" finished-at="2023-10-30T11:08:25 IST" duration-ms="5395" status="PASS">
          <params>
            <param index="0">
              <value>
                <![CDATA[chrome]]>
              </value>
            </param>
          </params>
          <reporter-output>
          </reporter-output>
        </test-method> <!-- setup -->
        <test-method signature="addNewOrder_InFoundry()[pri:5, instance:testCases.TC_005_AddNewOrder@53dbe163]" started-at="2023-10-30T11:08:25 IST" name="addNewOrder_InFoundry" finished-at="2023-10-30T11:08:57 IST" duration-ms="32102" status="FAIL">
          <exception class="java.lang.AssertionError">
            <message>
              <![CDATA[null]]>
            </message>
            <full-stacktrace>
              <![CDATA[java.lang.AssertionError: null
at org.testng.Assert.fail(Assert.java:111)
at org.testng.Assert.fail(Assert.java:116)
at testCases.TC_005_AddNewOrder.addNewOrder_InFoundry(TC_005_AddNewOrder.java:53)
at java.base/jdk.internal.reflect.NativeMethodAccessorImpl.invoke0(Native Method)
at java.base/jdk.internal.reflect.NativeMethodAccessorImpl.invoke(NativeMethodAccessorImpl.java:77)
at java.base/jdk.internal.reflect.DelegatingMethodAccessorImpl.invoke(DelegatingMethodAccessorImpl.java:43)
at java.base/java.lang.reflect.Method.invoke(Method.java:568)
at org.testng.internal.invokers.MethodInvocationHelper.invokeMethod(MethodInvocationHelper.java:139)
at org.testng.internal.invokers.TestInvoker.invokeMethod(TestInvoker.java:664)
at org.testng.internal.invokers.TestInvoker.invokeTestMethod(TestInvoker.java:227)
at org.testng.internal.invokers.MethodRunner.runInSequence(MethodRunner.java:50)
at org.testng.internal.invokers.TestInvoker$MethodInvocationAgent.invoke(TestInvoker.java:957)
at org.testng.internal.invokers.TestInvoker.invokeTestMethods(TestInvoker.java:200)
at org.testng.internal.invokers.TestMethodWorker.invokeTestMethods(TestMethodWorker.java:148)
at org.testng.internal.invokers.TestMethodWorker.run(TestMethodWorker.java:128)
at java.base/java.util.ArrayList.forEach(ArrayList.java:1511)
at org.testng.TestRunner.privateRun(TestRunner.java:848)
at org.testng.TestRunner.run(TestRunner.java:621)
at org.testng.SuiteRunner.runTest(SuiteRunner.java:443)
at org.testng.SuiteRunner.runSequentially(SuiteRunner.java:437)
at org.testng.SuiteRunner.privateRun(SuiteRunner.java:397)
at org.testng.SuiteRunner.run(SuiteRunner.java:336)
at org.testng.SuiteRunnerWorker.runSuite(SuiteRunnerWorker.java:52)
at org.testng.SuiteRunnerWorker.run(SuiteRunnerWorker.java:95)
at org.testng.TestNG.runSuitesSequentially(TestNG.java:1280)
at org.testng.TestNG.runSuitesLocally(TestNG.java:1200)
at org.testng.TestNG.runSuites(TestNG.java:1114)
at org.testng.TestNG.run(TestNG.java:1082)
at org.testng.remote.AbstractRemoteTestNG.run(AbstractRemoteTestNG.java:115)
at org.testng.remote.RemoteTestNG.initAndRun(RemoteTestNG.java:251)
at org.testng.remote.RemoteTestNG.main(RemoteTestNG.java:77)
]]>
            </full-stacktrace>
          </exception> <!-- java.lang.AssertionError -->
          <reporter-output>
          </reporter-output>
        </test-method> <!-- addNewOrder_InFoundry -->
        <test-method is-config="true" signature="tearDown()[pri:0, instance:testCases.TC_005_AddNewOrder@53dbe163]" started-at="2023-10-30T11:08:58 IST" name="tearDown" finished-at="2023-10-30T11:08:58 IST" duration-ms="362" status="PASS">
          <reporter-output>
          </reporter-output>
        </test-method> <!-- tearDown -->
      </class> <!-- testCases.TC_005_AddNewOrder -->
      <class name="testCases.TC_004_AddNewUser">
        <test-method is-config="true" signature="setup(java.lang.String)[pri:0, instance:testCases.TC_004_AddNewUser@6ad3381f]" started-at="2023-10-30T11:07:57 IST" name="setup" finished-at="2023-10-30T11:08:03 IST" duration-ms="5465" status="PASS">
          <params>
            <param index="0">
              <value>
                <![CDATA[chrome]]>
              </value>
            </param>
          </params>
          <reporter-output>
          </reporter-output>
        </test-method> <!-- setup -->
        <test-method signature="addNewUser_Infoundry()[pri:4, instance:testCases.TC_004_AddNewUser@6ad3381f]" started-at="2023-10-30T11:08:03 IST" name="addNewUser_Infoundry" finished-at="2023-10-30T11:08:19 IST" duration-ms="16350" status="PASS">
          <reporter-output>
          </reporter-output>
        </test-method> <!-- addNewUser_Infoundry -->
        <test-method is-config="true" signature="tearDown()[pri:0, instance:testCases.TC_004_AddNewUser@6ad3381f]" started-at="2023-10-30T11:08:19 IST" name="tearDown" finished-at="2023-10-30T11:08:19 IST" duration-ms="313" status="PASS">
          <reporter-output>
          </reporter-output>
        </test-method> <!-- tearDown -->
      </class> <!-- testCases.TC_004_AddNewUser -->
      <class name="testCases.TC_012_AddCouponBuyXGetY">
        <test-method is-config="true" signature="setup(java.lang.String)[pri:0, instance:testCases.TC_012_AddCouponBuyXGetY@18a136ac]" started-at="2023-10-30T11:12:32 IST" name="setup" finished-at="2023-10-30T11:12:37 IST" duration-ms="5397" status="PASS">
          <params>
            <param index="0">
              <value>
                <![CDATA[chrome]]>
              </value>
            </param>
          </params>
          <reporter-output>
          </reporter-output>
        </test-method> <!-- setup -->
        <test-method signature="addCouponWithBuyXGetY()[pri:12, instance:testCases.TC_012_AddCouponBuyXGetY@18a136ac]" started-at="2023-10-30T11:12:37 IST" name="addCouponWithBuyXGetY" finished-at="2023-10-30T11:13:15 IST" duration-ms="37836" status="PASS">
          <reporter-output>
          </reporter-output>
        </test-method> <!-- addCouponWithBuyXGetY -->
        <test-method is-config="true" signature="tearDown()[pri:0, instance:testCases.TC_012_AddCouponBuyXGetY@18a136ac]" started-at="2023-10-30T11:13:15 IST" name="tearDown" finished-at="2023-10-30T11:13:15 IST" duration-ms="308" status="PASS">
          <reporter-output>
          </reporter-output>
        </test-method> <!-- tearDown -->
      </class> <!-- testCases.TC_012_AddCouponBuyXGetY -->
      <class name="testCases.TC_002_SignIn_page">
        <test-method is-config="true" signature="setup(java.lang.String)[pri:0, instance:testCases.TC_002_SignIn_page@5a709816]" started-at="2023-10-30T11:06:03 IST" name="setup" finished-at="2023-10-30T11:06:09 IST" duration-ms="6676" status="PASS">
          <params>
            <param index="0">
              <value>
                <![CDATA[chrome]]>
              </value>
            </param>
          </params>
          <reporter-output>
          </reporter-output>
        </test-method> <!-- setup -->
        <test-method signature="page_SignIn()[pri:2, instance:testCases.TC_002_SignIn_page@5a709816]" started-at="2023-10-30T11:06:09 IST" name="page_SignIn" finished-at="2023-10-30T11:06:15 IST" duration-ms="5346" status="PASS">
          <reporter-output>
          </reporter-output>
        </test-method> <!-- page_SignIn -->
        <test-method is-config="true" signature="tearDown()[pri:0, instance:testCases.TC_002_SignIn_page@5a709816]" started-at="2023-10-30T11:06:15 IST" name="tearDown" finished-at="2023-10-30T11:06:15 IST" duration-ms="257" status="PASS">
          <reporter-output>
          </reporter-output>
        </test-method> <!-- tearDown -->
      </class> <!-- testCases.TC_002_SignIn_page -->
    </test> <!-- Test -->
  </suite> <!-- Suite -->
</testng-results>
